app/build/intermediates/manifest_merge_blame_file/debug/manifest-merger-blame-debug-report.txt
1<?xml version="1.0" encoding="utf-8"?>
2<manifest xmlns:android="http://schemas.android.com/apk/res/android"
3    package="com.example.c"
4    android:versionCode="1"
5    android:versionName="1.0" >
6
7    <uses-sdk
8        android:minSdkVersion="21"
8-->src\main\AndroidManifest.xml
9        android:targetSdkVersion="29" />
9-->src\main\AndroidManifest.xml
10
11    <application
11-->src\main\AndroidManifest.xml:5:5-26:19
12        android:allowBackup="true"
12-->src\main\AndroidManifest.xml:6:9-35
13        android:appComponentFactory="androidx.core.app.CoreComponentFactory"
13-->[androidx.core:core:1.1.0] AndroidManifest.xml:24:18-86
14        android:debuggable="true"
15        android:hardwareAccelerated="true"
15-->src\main\AndroidManifest.xml:7:9-43
16        android:icon="@drawable/icon"
16-->src\main\AndroidManifest.xml:8:9-38
17        android:label="@string/app_name"
17-->src\main\AndroidManifest.xml:9:9-41
18        android:largeHeap="true"
18-->src\main\AndroidManifest.xml:10:9-33
19        android:roundIcon="@drawable/icon"
19-->src\main\AndroidManifest.xml:11:9-43
20        android:supportsRtl="true"
20-->src\main\AndroidManifest.xml:12:9-35
21        android:theme="@style/AppTheme" >
21-->src\main\AndroidManifest.xml:13:9-40
22        <activity android:name="com.example.c.TabLayoutActivity" />
22-->src\main\AndroidManifest.xml:14:9-64
22-->src\main\AndroidManifest.xml:14:19-52
23        <activity android:name="com.example.c.EinsteinLifeActivity" />
23-->src\main\AndroidManifest.xml:15:9-58
23-->src\main\AndroidManifest.xml:15:19-55
24        <activity android:name="com.example.c.AboutKalamLifeActivity" />
24-->src\main\AndroidManifest.xml:16:9-60
24-->src\main\AndroidManifest.xml:16:19-57
25        <activity android:name="com.example.c.EinsteinActivity" />
25-->src\main\AndroidManifest.xml:17:9-54
25-->src\main\AndroidManifest.xml:17:19-51
26        <activity android:name="com.example.c.AboutKalamActivity" />
26-->src\main\AndroidManifest.xml:18:9-56
26-->src\main\AndroidManifest.xml:18:19-53
27        <activity android:name="com.example.c.MainActivity" >
27-->src\main\AndroidManifest.xml:19:9-25:20
27-->src\main\AndroidManifest.xml:19:19-47
28            <intent-filter>
28-->src\main\AndroidManifest.xml:20:13-24:29
29                <action android:name="android.intent.action.MAIN" />
29-->src\main\AndroidManifest.xml:21:17-69
29-->src\main\AndroidManifest.xml:21:25-66
30
31                <category android:name="android.intent.category.LAUNCHER" />
31-->src\main\AndroidManifest.xml:23:17-77
31-->src\main\AndroidManifest.xml:23:27-74
32            </intent-filter>
33        </activity>
34    </application>
35
36</manifest>